info it worked if it ends with ok
verbose cli [ 'node',
verbose cli   '/Users/dansilivestru/local/bin/npm',
verbose cli   'install',
verbose cli   '-g',
verbose cli   'jshint' ]
info using npm@1.1.0-beta-4
info using node@v0.6.6
verbose config file /Users/dansilivestru/.npmrc
verbose config file /Users/dansilivestru/local/etc/npmrc
verbose config file /Users/dansilivestru/local/lib/node_modules/npm/npmrc
verbose into /Users/dansilivestru/local/lib [ 'jshint' ]
verbose cache add jshint
verbose cache add [ 'jshint', null ]
silly cache add: name, spec, args [ undefined, 'jshint', [ 'jshint', null ] ]
verbose parsed url { pathname: 'jshint', path: 'jshint', href: 'jshint' }
verbose addNamed [ 'jshint', '' ]
verbose addNamed [ null, '' ]
silly name, range, hasData [ 'jshint', '', false ]
verbose raw, before any munging jshint
verbose url resolving [ 'https://registry.npmjs.org/', './jshint' ]
verbose url resolved https://registry.npmjs.org/jshint
verbose etag "3RW595B9ECBBC45QJCVF35NNM"
http GET https://registry.npmjs.org/jshint
http 304 https://registry.npmjs.org/jshint
silly get cb [ 304,
silly get cb   { server: 'CouchDB/1.2.0 (Erlang OTP/R15B)',
silly get cb     etag: '"3RW595B9ECBBC45QJCVF35NNM"',
silly get cb     date: 'Sun, 01 Jul 2012 01:02:36 GMT',
silly get cb     'content-length': '0' } ]
verbose etag jshint from cache
silly name, range, hasData 2 [ 'jshint', '', true ]
silly versions [ 'jshint',
silly versions   [ '0.1.8',
silly versions     '0.1.9',
silly versions     '0.2.0',
silly versions     '0.2.1',
silly versions     '0.2.2',
silly versions     '0.2.3',
silly versions     '0.3.0',
silly versions     '0.3.1',
silly versions     '0.4.0',
silly versions     '0.5.0',
silly versions     '0.5.1',
silly versions     '0.5.2',
silly versions     '0.5.3',
silly versions     '0.5.4',
silly versions     '0.5.5',
silly versions     '0.5.6',
silly versions     '0.5.7',
silly versions     '0.5.8',
silly versions     '0.5.9',
silly versions     '0.6.0',
silly versions     '0.6.1',
silly versions     '0.6.2',
silly versions     '0.6.3',
silly versions     '0.7.0',
silly versions     '0.7.1' ] ]
verbose bin dist [ '0.6-ares1.7.5-DEV-evundefined-openssl0.9.8r-v83.6.6.14-darwin-x64-11.4.0',
verbose bin dist   { shasum: '7c62cdd1b260ec71743a9851ce79a9fc9d22ff15',
verbose bin dist     tarball: 'http://registry.npmjs.org/jshint/-/jshint-0.7.1.tgz' } ]
verbose caching /Users/dansilivestru/.npm/jshint/0.7.1/package/package.json
verbose loadDefaults jshint@0.7.1
silly resolved [ { name: 'jshint',
silly resolved     version: '0.7.1',
silly resolved     description: 'A CLI for JSHint',
silly resolved     homepage: 'http://github.com/jshint/node-jshint',
silly resolved     author: 
silly resolved      { name: 'Brent Lintner',
silly resolved        email: 'brent.lintner@gmail.com',
silly resolved        url: 'http://github.com/brentlintner' },
silly resolved     licenses: 
silly resolved      [ { type: 'MIT',
silly resolved          url: 'http://www.opensource.org/licenses/mit-license.php' } ],
silly resolved     bin: { jshint: './bin/hint' },
silly resolved     main: 'packages/jshint/jshint',
silly resolved     files: 
silly resolved      [ 'packages/jshint/README.markdown',
silly resolved        'packages/jshint/jshint.js',
silly resolved        'README.md',
silly resolved        'LICENSE',
silly resolved        'bin/hint',
silly resolved        'lib' ],
silly resolved     dependencies: { cli: '0.4.3', minimatch: '0.0.x' },
silly resolved     devDependencies: { 'jasmine-node': '1.0.x' },
silly resolved     preferGlobal: true,
silly resolved     _id: 'jshint@0.7.1',
silly resolved     engines: { node: '*' },
silly resolved     _engineSupported: true,
silly resolved     _npmVersion: '1.1.0-beta-4',
silly resolved     _nodeVersion: 'v0.6.6',
silly resolved     _defaultsLoaded: true,
silly resolved     scripts: {} } ]
info into /Users/dansilivestru/local/lib jshint@0.7.1
info installOne jshint@0.7.1
info unbuild /Users/dansilivestru/local/lib/node_modules/jshint
verbose from cache /Users/dansilivestru/.npm/jshint/0.7.1/package/package.json
verbose mkdir (expected) error ENOENT, no such file or directory '/Users/dansilivestru/local/lib/node_modules/___jshint.npm'
verbose mkdir done: /Users/dansilivestru/local/lib/node_modules/___jshint.npm 755
verbose unpack_ uid, gid [ undefined, undefined ]
verbose unpackTarget /Users/dansilivestru/local/lib/node_modules/jshint
silly gunzTarPerm modes [ '755', '644' ]
silly afterUntar undefined
silly asyncMap in gTP /Users/dansilivestru/local/lib/node_modules/___jshint.npm/package
silly asyncMap in gTP /Users/dansilivestru/local/lib/node_modules/___jshint.npm/package/LICENSE
silly asyncMap in gTP /Users/dansilivestru/local/lib/node_modules/___jshint.npm/package/package.json
silly asyncMap in gTP /Users/dansilivestru/local/lib/node_modules/___jshint.npm/package/README.md
verbose gunzed /Users/dansilivestru/local/lib/node_modules/___jshint.npm/package
verbose rm'ed /Users/dansilivestru/local/lib/node_modules/jshint
verbose renamed [ '/Users/dansilivestru/local/lib/node_modules/___jshint.npm/package',
verbose renamed   '/Users/dansilivestru/local/lib/node_modules/jshint' ]
verbose caching /Users/dansilivestru/local/lib/node_modules/jshint/package.json
verbose loadDefaults jshint@0.7.1
info preinstall jshint@0.7.1
verbose from cache /Users/dansilivestru/local/lib/node_modules/jshint/package.json
verbose into /Users/dansilivestru/local/lib/node_modules/jshint [ 'cli@0.4.3', 'minimatch@0.0.x' ]
verbose cache add cli@0.4.3
verbose cache add [ 'cli@0.4.3', null ]
silly cache add: name, spec, args [ undefined, 'cli@0.4.3', [ 'cli@0.4.3', null ] ]
verbose parsed url { pathname: 'cli@0.4.3', path: 'cli@0.4.3', href: 'cli@0.4.3' }
silly cache add: name, spec, args [ 'cli', '0.4.3', [ 'cli', '0.4.3' ] ]
verbose parsed url { pathname: '0.4.3', path: '0.4.3', href: '0.4.3' }
verbose addNamed [ 'cli', '0.4.3' ]
verbose addNamed [ '0.4.3', '0.4.3' ]
verbose cache add minimatch@0.0.x
verbose cache add [ 'minimatch@0.0.x', null ]
silly cache add: name, spec, args [ undefined, 'minimatch@0.0.x', [ 'minimatch@0.0.x', null ] ]
verbose parsed url { pathname: 'minimatch@0.0.x',
verbose parsed url   path: 'minimatch@0.0.x',
verbose parsed url   href: 'minimatch@0.0.x' }
silly cache add: name, spec, args [ 'minimatch', '0.0.x', [ 'minimatch', '0.0.x' ] ]
verbose parsed url { pathname: '0.0.x', path: '0.0.x', href: '0.0.x' }
verbose addNamed [ 'minimatch', '0.0.x' ]
verbose addNamed [ null, '>=0.0.0- <0.1.0-' ]
silly name, range, hasData [ 'minimatch', '>=0.0.0- <0.1.0-', false ]
verbose raw, before any munging cli/0.4.3
verbose url resolving [ 'https://registry.npmjs.org/', './cli/0.4.3' ]
verbose url resolved https://registry.npmjs.org/cli/0.4.3
verbose etag "A2IDHBI9UQSZUVIJNE7ROL9B2"
http GET https://registry.npmjs.org/cli/0.4.3
verbose raw, before any munging minimatch
verbose url resolving [ 'https://registry.npmjs.org/', './minimatch' ]
verbose url resolved https://registry.npmjs.org/minimatch
verbose etag "E07BS9PFBIQ8SSR2GNLDMRJDC"
http GET https://registry.npmjs.org/minimatch
http 304 https://registry.npmjs.org/cli/0.4.3
silly get cb [ 304,
silly get cb   { server: 'CouchDB/1.2.0 (Erlang OTP/R15B)',
silly get cb     etag: '"A2IDHBI9UQSZUVIJNE7ROL9B2"',
silly get cb     date: 'Sun, 01 Jul 2012 01:02:37 GMT',
silly get cb     'content-length': '0' } ]
verbose etag cli/0.4.3 from cache
verbose bin dist [ '0.6-ares1.7.5-DEV-evundefined-openssl0.9.8r-v83.6.6.14-darwin-x64-11.4.0',
verbose bin dist   { shasum: 'e6819c8d5faa957f64f98f66a8506268c1d1f17d',
verbose bin dist     tarball: 'http://registry.npmjs.org/cli/-/cli-0.4.3.tgz' } ]
verbose caching /Users/dansilivestru/.npm/cli/0.4.3/package/package.json
verbose loadDefaults cli@0.4.3
http 304 https://registry.npmjs.org/minimatch
silly get cb [ 304,
silly get cb   { server: 'CouchDB/1.2.0 (Erlang OTP/R15B)',
silly get cb     etag: '"E07BS9PFBIQ8SSR2GNLDMRJDC"',
silly get cb     date: 'Sun, 01 Jul 2012 01:02:37 GMT',
silly get cb     'content-length': '0' } ]
verbose etag minimatch from cache
silly name, range, hasData 2 [ 'minimatch', '>=0.0.0- <0.1.0-', true ]
silly versions [ 'minimatch',
silly versions   [ '0.0.1',
silly versions     '0.0.2',
silly versions     '0.0.4',
silly versions     '0.0.5',
silly versions     '0.1.1',
silly versions     '0.1.2',
silly versions     '0.1.3',
silly versions     '0.1.4',
silly versions     '0.1.5',
silly versions     '0.2.0',
silly versions     '0.2.2',
silly versions     '0.2.3',
silly versions     '0.2.4',
silly versions     '0.2.5' ] ]
verbose bin dist [ '0.6-ares1.7.5-DEV-evundefined-openssl0.9.8r-v83.6.6.14-darwin-x64-11.4.0',
verbose bin dist   { shasum: '96bb490bbd3ba6836bbfac111adf75301b1584de',
verbose bin dist     tarball: 'http://registry.npmjs.org/minimatch/-/minimatch-0.0.5.tgz' } ]
verbose caching /Users/dansilivestru/.npm/minimatch/0.0.5/package/package.json
verbose loadDefaults minimatch@0.0.5
silly resolved [ { name: 'cli',
silly resolved     description: 'A tool for rapidly building command line apps',
silly resolved     version: '0.4.3',
silly resolved     homepage: 'http://github.com/chriso/cli',
silly resolved     keywords: 
silly resolved      [ 'cli',
silly resolved        'command line',
silly resolved        'opts',
silly resolved        'parseopt',
silly resolved        'opt',
silly resolved        'args',
silly resolved        'console',
silly resolved        'argsparse',
silly resolved        'optparse',
silly resolved        'daemon',
silly resolved        'autocomplete',
silly resolved        'command',
silly resolved        'autocompletion' ],
silly resolved     author: { name: 'Chris O\'Hara', email: 'cohara87@gmail.com' },
silly resolved     main: 'cli.js',
silly resolved     bugs: 
silly resolved      { email: 'cohara87@gmail.com',
silly resolved        url: 'http://github.com/chriso/cli/issues' },
silly resolved     repository: { type: 'git', url: 'git://github.com/chriso/cli.git' },
silly resolved     dependencies: { glob: '>= 3.1.4' },
silly resolved     contributors: [ { name: 'Douglas Meyer' } ],
silly resolved     engines: { node: '>=0.2.5' },
silly resolved     licenses: [ { type: 'MIT' } ],
silly resolved     _id: 'cli@0.4.3',
silly resolved     devDependencies: {},
silly resolved     _engineSupported: true,
silly resolved     _npmVersion: '1.1.0-beta-4',
silly resolved     _nodeVersion: 'v0.6.6',
silly resolved     _defaultsLoaded: true,
silly resolved     scripts: {} },
silly resolved   { author: 
silly resolved      { name: 'Isaac Z. Schlueter',
silly resolved        email: 'i@izs.me',
silly resolved        url: 'http://blog.izs.me' },
silly resolved     name: 'minimatch',
silly resolved     description: 'a glob matcher in javascript',
silly resolved     version: '0.0.5',
silly resolved     repository: { type: 'git', url: 'git://github.com/isaacs/minimatch.git' },
silly resolved     main: 'minimatch.js',
silly resolved     scripts: { test: 'tap test' },
silly resolved     engines: { node: '*' },
silly resolved     dependencies: { 'lru-cache': '~1.0.2' },
silly resolved     devDependencies: { tap: '~0.0.5' },
silly resolved     licenses: 
silly resolved      [ { type: 'MIT',
silly resolved          url: 'http://github.com/isaacs/minimatch/raw/master/LICENSE' } ],
silly resolved     _id: 'minimatch@0.0.5',
silly resolved     _engineSupported: true,
silly resolved     _npmVersion: '1.1.0-beta-4',
silly resolved     _nodeVersion: 'v0.6.6',
silly resolved     _defaultsLoaded: true } ]
info into /Users/dansilivestru/local/lib/node_modules/jshint cli@0.4.3
info into /Users/dansilivestru/local/lib/node_modules/jshint minimatch@0.0.5
info installOne cli@0.4.3
info installOne minimatch@0.0.5
info unbuild /Users/dansilivestru/local/lib/node_modules/jshint/node_modules/cli
info unbuild /Users/dansilivestru/local/lib/node_modules/jshint/node_modules/minimatch
verbose from cache /Users/dansilivestru/.npm/cli/0.4.3/package/package.json
verbose from cache /Users/dansilivestru/.npm/minimatch/0.0.5/package/package.json
verbose mkdir (expected) error ENOENT, no such file or directory '/Users/dansilivestru/local/lib/node_modules/jshint/node_modules'
verbose mkdir (expected) error ENOENT, no such file or directory '/Users/dansilivestru/local/lib/node_modules/jshint/node_modules'
verbose mkdir (expected) error ENOENT, no such file or directory '/Users/dansilivestru/local/lib/node_modules/jshint/node_modules/___cli.npm'
verbose mkdir (expected) error ENOENT, no such file or directory '/Users/dansilivestru/local/lib/node_modules/jshint/node_modules/___minimatch.npm'
verbose mkdir done: /Users/dansilivestru/local/lib/node_modules/jshint/node_modules/___cli.npm 755
verbose mkdir done: /Users/dansilivestru/local/lib/node_modules/jshint/node_modules/___minimatch.npm 755
verbose unpack_ uid, gid [ undefined, undefined ]
verbose unpackTarget /Users/dansilivestru/local/lib/node_modules/jshint/node_modules/cli
silly gunzTarPerm modes [ '755', '644' ]
verbose unpack_ uid, gid [ undefined, undefined ]
verbose unpackTarget /Users/dansilivestru/local/lib/node_modules/jshint/node_modules/minimatch
silly gunzTarPerm modes [ '755', '644' ]
silly afterUntar undefined
silly asyncMap in gTP /Users/dansilivestru/local/lib/node_modules/jshint/node_modules/___minimatch.npm/package
silly asyncMap in gTP /Users/dansilivestru/local/lib/node_modules/jshint/node_modules/___minimatch.npm/package/.travis.yml
silly asyncMap in gTP /Users/dansilivestru/local/lib/node_modules/jshint/node_modules/___minimatch.npm/package/blerg.js
silly asyncMap in gTP /Users/dansilivestru/local/lib/node_modules/jshint/node_modules/___minimatch.npm/package/LICENSE
silly asyncMap in gTP /Users/dansilivestru/local/lib/node_modules/jshint/node_modules/___minimatch.npm/package/minimatch.js
silly asyncMap in gTP /Users/dansilivestru/local/lib/node_modules/jshint/node_modules/___minimatch.npm/package/package.json
silly asyncMap in gTP /Users/dansilivestru/local/lib/node_modules/jshint/node_modules/___minimatch.npm/package/README.md
silly asyncMap in gTP /Users/dansilivestru/local/lib/node_modules/jshint/node_modules/___minimatch.npm/package/t.js
silly asyncMap in gTP /Users/dansilivestru/local/lib/node_modules/jshint/node_modules/___minimatch.npm/package/test
silly asyncMap in gTP /Users/dansilivestru/local/lib/node_modules/jshint/node_modules/___minimatch.npm/package/test/basic.js
verbose gunzed /Users/dansilivestru/local/lib/node_modules/jshint/node_modules/___minimatch.npm/package
verbose rm'ed /Users/dansilivestru/local/lib/node_modules/jshint/node_modules/minimatch
verbose renamed [ '/Users/dansilivestru/local/lib/node_modules/jshint/node_modules/___minimatch.npm/package',
verbose renamed   '/Users/dansilivestru/local/lib/node_modules/jshint/node_modules/minimatch' ]
verbose caching /Users/dansilivestru/local/lib/node_modules/jshint/node_modules/minimatch/package.json
verbose loadDefaults minimatch@0.0.5
info preinstall minimatch@0.0.5
verbose from cache /Users/dansilivestru/local/lib/node_modules/jshint/node_modules/minimatch/package.json
verbose into /Users/dansilivestru/local/lib/node_modules/jshint/node_modules/minimatch [ 'lru-cache@~1.0.2' ]
verbose cache add lru-cache@~1.0.2
verbose cache add [ 'lru-cache@~1.0.2', null ]
silly cache add: name, spec, args [ undefined, 'lru-cache@~1.0.2', [ 'lru-cache@~1.0.2', null ] ]
verbose parsed url { pathname: 'lru-cache@~1.0.2',
verbose parsed url   path: 'lru-cache@~1.0.2',
verbose parsed url   href: 'lru-cache@~1.0.2' }
silly cache add: name, spec, args [ 'lru-cache', '~1.0.2', [ 'lru-cache', '~1.0.2' ] ]
verbose parsed url { pathname: '~1.0.2', path: '~1.0.2', href: '~1.0.2' }
verbose addNamed [ 'lru-cache', '~1.0.2' ]
verbose addNamed [ null, '>=1.0.2- <1.1.0-' ]
silly name, range, hasData [ 'lru-cache', '>=1.0.2- <1.1.0-', false ]
verbose raw, before any munging lru-cache
verbose url resolving [ 'https://registry.npmjs.org/', './lru-cache' ]
verbose url resolved https://registry.npmjs.org/lru-cache
verbose etag "9WZ3J08KZZBM0KWK4PQ37FPO0"
http GET https://registry.npmjs.org/lru-cache
silly afterUntar undefined
silly asyncMap in gTP /Users/dansilivestru/local/lib/node_modules/jshint/node_modules/___cli.npm/package
silly asyncMap in gTP /Users/dansilivestru/local/lib/node_modules/jshint/node_modules/___cli.npm/package/cli.js
silly asyncMap in gTP /Users/dansilivestru/local/lib/node_modules/jshint/node_modules/___cli.npm/package/index.js
silly asyncMap in gTP /Users/dansilivestru/local/lib/node_modules/jshint/node_modules/___cli.npm/package/package.json
silly asyncMap in gTP /Users/dansilivestru/local/lib/node_modules/jshint/node_modules/___cli.npm/package/README.md
silly asyncMap in gTP /Users/dansilivestru/local/lib/node_modules/jshint/node_modules/___cli.npm/package/examples
silly asyncMap in gTP /Users/dansilivestru/local/lib/node_modules/jshint/node_modules/___cli.npm/package/examples/cat.js
silly asyncMap in gTP /Users/dansilivestru/local/lib/node_modules/jshint/node_modules/___cli.npm/package/examples/command.js
silly asyncMap in gTP /Users/dansilivestru/local/lib/node_modules/jshint/node_modules/___cli.npm/package/examples/echo.js
silly asyncMap in gTP /Users/dansilivestru/local/lib/node_modules/jshint/node_modules/___cli.npm/package/examples/glob.js
silly asyncMap in gTP /Users/dansilivestru/local/lib/node_modules/jshint/node_modules/___cli.npm/package/examples/long_desc.js
silly asyncMap in gTP /Users/dansilivestru/local/lib/node_modules/jshint/node_modules/___cli.npm/package/examples/progress.js
silly asyncMap in gTP /Users/dansilivestru/local/lib/node_modules/jshint/node_modules/___cli.npm/package/examples/sort.js
silly asyncMap in gTP /Users/dansilivestru/local/lib/node_modules/jshint/node_modules/___cli.npm/package/examples/spinner.js
silly asyncMap in gTP /Users/dansilivestru/local/lib/node_modules/jshint/node_modules/___cli.npm/package/examples/static.coffee
silly asyncMap in gTP /Users/dansilivestru/local/lib/node_modules/jshint/node_modules/___cli.npm/package/examples/static.js
verbose gunzed /Users/dansilivestru/local/lib/node_modules/jshint/node_modules/___cli.npm/package
verbose rm'ed /Users/dansilivestru/local/lib/node_modules/jshint/node_modules/cli
verbose renamed [ '/Users/dansilivestru/local/lib/node_modules/jshint/node_modules/___cli.npm/package',
verbose renamed   '/Users/dansilivestru/local/lib/node_modules/jshint/node_modules/cli' ]
verbose caching /Users/dansilivestru/local/lib/node_modules/jshint/node_modules/cli/package.json
verbose loadDefaults cli@0.4.3
info preinstall cli@0.4.3
verbose from cache /Users/dansilivestru/local/lib/node_modules/jshint/node_modules/cli/package.json
verbose into /Users/dansilivestru/local/lib/node_modules/jshint/node_modules/cli [ 'glob@>= 3.1.4' ]
verbose cache add glob@>= 3.1.4
verbose cache add [ 'glob@>= 3.1.4', null ]
silly cache add: name, spec, args [ undefined, 'glob@>= 3.1.4', [ 'glob@>= 3.1.4', null ] ]
verbose parsed url { pathname: 'glob@', path: 'glob@', href: 'glob@' }
silly cache add: name, spec, args [ 'glob', '>= 3.1.4', [ 'glob', '>= 3.1.4' ] ]
verbose parsed url { pathname: '=', path: '=', href: '=' }
verbose addNamed [ 'glob', '>= 3.1.4' ]
verbose addNamed [ null, '>=3.1.4' ]
silly name, range, hasData [ 'glob', '>=3.1.4', false ]
verbose raw, before any munging glob
verbose url resolving [ 'https://registry.npmjs.org/', './glob' ]
verbose url resolved https://registry.npmjs.org/glob
verbose etag "36Y7M0RALZL0J2IH6DEBLUPN7"
http GET https://registry.npmjs.org/glob
http 304 https://registry.npmjs.org/lru-cache
silly get cb [ 304,
silly get cb   { server: 'CouchDB/1.2.0 (Erlang OTP/R15B)',
silly get cb     etag: '"9WZ3J08KZZBM0KWK4PQ37FPO0"',
silly get cb     date: 'Sun, 01 Jul 2012 01:02:38 GMT',
silly get cb     'content-length': '0' } ]
verbose etag lru-cache from cache
silly name, range, hasData 2 [ 'lru-cache', '>=1.0.2- <1.1.0-', true ]
silly versions [ 'lru-cache',
silly versions   [ '1.0.1', '1.0.2', '1.0.3', '1.0.4', '1.0.5', '1.0.6', '1.1.0' ] ]
verbose bin dist [ '0.6-ares1.7.5-DEV-evundefined-openssl0.9.8r-v83.6.6.14-darwin-x64-11.4.0',
verbose bin dist   { shasum: 'aa50f97047422ac72543bda177a9c9d018d98452',
verbose bin dist     tarball: 'http://registry.npmjs.org/lru-cache/-/lru-cache-1.0.6.tgz' } ]
http 304 https://registry.npmjs.org/glob
silly get cb [ 304,
silly get cb   { server: 'CouchDB/1.2.0 (Erlang OTP/R15B)',
silly get cb     etag: '"36Y7M0RALZL0J2IH6DEBLUPN7"',
silly get cb     date: 'Sun, 01 Jul 2012 01:02:38 GMT',
silly get cb     'content-length': '0' } ]
verbose etag glob from cache
silly name, range, hasData 2 [ 'glob', '>=3.1.4', true ]
silly versions [ 'glob',
silly versions   [ '1.1.0',
silly versions     '2.1.0',
silly versions     '3.0.0',
silly versions     '3.0.1',
silly versions     '3.1.0',
silly versions     '3.1.1',
silly versions     '3.1.2',
silly versions     '3.1.3',
silly versions     '3.1.4',
silly versions     '3.1.5',
silly versions     '3.1.6',
silly versions     '3.1.7',
silly versions     '3.1.9',
silly versions     '3.1.10' ] ]
verbose bin dist [ '0.6-ares1.7.5-DEV-evundefined-openssl0.9.8r-v83.6.6.14-darwin-x64-11.4.0',
verbose bin dist   { shasum: 'a789f184bc83c18b5b2da98c93f3bd4f343b7613',
verbose bin dist     tarball: 'http://registry.npmjs.org/glob/-/glob-3.1.10.tgz' } ]
verbose caching /Users/dansilivestru/.npm/glob/3.1.10/package/package.json
verbose loadDefaults glob@3.1.10
silly resolved [ { author: 
silly resolved      { name: 'Isaac Z. Schlueter',
silly resolved        email: 'i@izs.me',
silly resolved        url: 'http://blog.izs.me/' },
silly resolved     name: 'glob',
silly resolved     description: 'a little globber',
silly resolved     version: '3.1.10',
silly resolved     repository: { type: 'git', url: 'git://github.com/isaacs/node-glob.git' },
silly resolved     main: 'glob.js',
silly resolved     engines: { node: '*' },
silly resolved     dependencies: { minimatch: '0.2', 'graceful-fs': '~1.1.2', inherits: '1' },
silly resolved     devDependencies: { tap: '~0.2.3', mkdirp: '0', rimraf: '1' },
silly resolved     scripts: { test: 'tap test/*.js' },
silly resolved     license: 'BSD',
silly resolved     _id: 'glob@3.1.10',
silly resolved     _engineSupported: true,
silly resolved     _npmVersion: '1.1.0-beta-4',
silly resolved     _nodeVersion: 'v0.6.6',
silly resolved     _defaultsLoaded: true } ]
info into /Users/dansilivestru/local/lib/node_modules/jshint/node_modules/cli glob@3.1.10
info installOne glob@3.1.10
info unbuild /Users/dansilivestru/local/lib/node_modules/jshint/node_modules/cli/node_modules/glob
verbose from cache /Users/dansilivestru/.npm/glob/3.1.10/package/package.json
verbose mkdir (expected) error ENOENT, no such file or directory '/Users/dansilivestru/local/lib/node_modules/jshint/node_modules/cli/node_modules'
verbose caching /Users/dansilivestru/.npm/lru-cache/1.0.6/package/package.json
verbose loadDefaults lru-cache@1.0.6
silly resolved [ { name: 'lru-cache',
silly resolved     description: 'A cache object that deletes the least-recently-used items.',
silly resolved     version: '1.0.6',
silly resolved     author: { name: 'Isaac Z. Schlueter', email: 'i@izs.me' },
silly resolved     scripts: { test: 'tap test' },
silly resolved     main: 'lib/lru-cache.js',
silly resolved     repository: 
silly resolved      { type: 'git',
silly resolved        url: 'git://github.com/isaacs/node-lru-cache.git' },
silly resolved     devDependencies: { tap: '0' },
silly resolved     license: 
silly resolved      { type: 'MIT',
silly resolved        url: 'http://github.com/isaacs/node-lru-cache/raw/master/LICENSE' },
silly resolved     _id: 'lru-cache@1.0.6',
silly resolved     dependencies: {},
silly resolved     engines: { node: '*' },
silly resolved     _engineSupported: true,
silly resolved     _npmVersion: '1.1.0-beta-4',
silly resolved     _nodeVersion: 'v0.6.6',
silly resolved     _defaultsLoaded: true } ]
info into /Users/dansilivestru/local/lib/node_modules/jshint/node_modules/minimatch lru-cache@1.0.6
info installOne lru-cache@1.0.6
info unbuild /Users/dansilivestru/local/lib/node_modules/jshint/node_modules/minimatch/node_modules/lru-cache
verbose from cache /Users/dansilivestru/.npm/lru-cache/1.0.6/package/package.json
verbose mkdir (expected) error ENOENT, no such file or directory '/Users/dansilivestru/local/lib/node_modules/jshint/node_modules/minimatch/node_modules'
verbose mkdir (expected) error ENOENT, no such file or directory '/Users/dansilivestru/local/lib/node_modules/jshint/node_modules/cli/node_modules/___glob.npm'
verbose mkdir (expected) error ENOENT, no such file or directory '/Users/dansilivestru/local/lib/node_modules/jshint/node_modules/minimatch/node_modules/___lru-cache.npm'
verbose mkdir done: /Users/dansilivestru/local/lib/node_modules/jshint/node_modules/cli/node_modules/___glob.npm 755
verbose mkdir done: /Users/dansilivestru/local/lib/node_modules/jshint/node_modules/minimatch/node_modules/___lru-cache.npm 755
verbose unpack_ uid, gid [ undefined, undefined ]
verbose unpackTarget /Users/dansilivestru/local/lib/node_modules/jshint/node_modules/cli/node_modules/glob
silly gunzTarPerm modes [ '755', '644' ]
verbose unpack_ uid, gid [ undefined, undefined ]
verbose unpackTarget /Users/dansilivestru/local/lib/node_modules/jshint/node_modules/minimatch/node_modules/lru-cache
silly gunzTarPerm modes [ '755', '644' ]
silly afterUntar undefined
silly asyncMap in gTP /Users/dansilivestru/local/lib/node_modules/jshint/node_modules/minimatch/node_modules/___lru-cache.npm/package
silly asyncMap in gTP /Users/dansilivestru/local/lib/node_modules/jshint/node_modules/minimatch/node_modules/___lru-cache.npm/package/.npmignore
silly asyncMap in gTP /Users/dansilivestru/local/lib/node_modules/jshint/node_modules/minimatch/node_modules/___lru-cache.npm/package/LICENSE
silly asyncMap in gTP /Users/dansilivestru/local/lib/node_modules/jshint/node_modules/minimatch/node_modules/___lru-cache.npm/package/package.json
silly asyncMap in gTP /Users/dansilivestru/local/lib/node_modules/jshint/node_modules/minimatch/node_modules/___lru-cache.npm/package/README.md
silly asyncMap in gTP /Users/dansilivestru/local/lib/node_modules/jshint/node_modules/minimatch/node_modules/___lru-cache.npm/package/lib
silly asyncMap in gTP /Users/dansilivestru/local/lib/node_modules/jshint/node_modules/minimatch/node_modules/___lru-cache.npm/package/lib/lru-cache.js
silly asyncMap in gTP /Users/dansilivestru/local/lib/node_modules/jshint/node_modules/minimatch/node_modules/___lru-cache.npm/package/test
silly asyncMap in gTP /Users/dansilivestru/local/lib/node_modules/jshint/node_modules/minimatch/node_modules/___lru-cache.npm/package/test/basic.js
verbose gunzed /Users/dansilivestru/local/lib/node_modules/jshint/node_modules/minimatch/node_modules/___lru-cache.npm/package
verbose rm'ed /Users/dansilivestru/local/lib/node_modules/jshint/node_modules/minimatch/node_modules/lru-cache
verbose renamed [ '/Users/dansilivestru/local/lib/node_modules/jshint/node_modules/minimatch/node_modules/___lru-cache.npm/package',
verbose renamed   '/Users/dansilivestru/local/lib/node_modules/jshint/node_modules/minimatch/node_modules/lru-cache' ]
verbose caching /Users/dansilivestru/local/lib/node_modules/jshint/node_modules/minimatch/node_modules/lru-cache/package.json
verbose loadDefaults lru-cache@1.0.6
info preinstall lru-cache@1.0.6
verbose from cache /Users/dansilivestru/local/lib/node_modules/jshint/node_modules/minimatch/node_modules/lru-cache/package.json
verbose into /Users/dansilivestru/local/lib/node_modules/jshint/node_modules/minimatch/node_modules/lru-cache []
silly resolved []
verbose about to build /Users/dansilivestru/local/lib/node_modules/jshint/node_modules/minimatch/node_modules/lru-cache
info build /Users/dansilivestru/local/lib/node_modules/jshint/node_modules/minimatch/node_modules/lru-cache
verbose from cache /Users/dansilivestru/local/lib/node_modules/jshint/node_modules/minimatch/node_modules/lru-cache/package.json
verbose linkStuff [ true,
verbose linkStuff   '/Users/dansilivestru/local/lib/node_modules',
verbose linkStuff   false,
verbose linkStuff   '/Users/dansilivestru/local/lib/node_modules/jshint/node_modules/minimatch/node_modules' ]
info linkStuff lru-cache@1.0.6
verbose linkBins lru-cache@1.0.6
verbose linkMans lru-cache@1.0.6
verbose rebuildBundles lru-cache@1.0.6
info install lru-cache@1.0.6
info postinstall lru-cache@1.0.6
verbose installOne cb lru-cache@1.0.6
verbose about to build /Users/dansilivestru/local/lib/node_modules/jshint/node_modules/minimatch
info build /Users/dansilivestru/local/lib/node_modules/jshint/node_modules/minimatch
verbose from cache /Users/dansilivestru/local/lib/node_modules/jshint/node_modules/minimatch/package.json
verbose linkStuff [ true,
verbose linkStuff   '/Users/dansilivestru/local/lib/node_modules',
verbose linkStuff   false,
verbose linkStuff   '/Users/dansilivestru/local/lib/node_modules/jshint/node_modules' ]
info linkStuff minimatch@0.0.5
verbose linkBins minimatch@0.0.5
verbose linkMans minimatch@0.0.5
verbose rebuildBundles minimatch@0.0.5
verbose rebuildBundles [ 'lru-cache' ]
info install minimatch@0.0.5
info postinstall minimatch@0.0.5
verbose installOne cb minimatch@0.0.5
silly afterUntar undefined
silly asyncMap in gTP /Users/dansilivestru/local/lib/node_modules/jshint/node_modules/cli/node_modules/___glob.npm/package
silly asyncMap in gTP /Users/dansilivestru/local/lib/node_modules/jshint/node_modules/cli/node_modules/___glob.npm/package/.npmignore
silly asyncMap in gTP /Users/dansilivestru/local/lib/node_modules/jshint/node_modules/cli/node_modules/___glob.npm/package/.travis.yml
silly asyncMap in gTP /Users/dansilivestru/local/lib/node_modules/jshint/node_modules/cli/node_modules/___glob.npm/package/glob.js
silly asyncMap in gTP /Users/dansilivestru/local/lib/node_modules/jshint/node_modules/cli/node_modules/___glob.npm/package/LICENCE
silly asyncMap in gTP /Users/dansilivestru/local/lib/node_modules/jshint/node_modules/cli/node_modules/___glob.npm/package/package.json
silly asyncMap in gTP /Users/dansilivestru/local/lib/node_modules/jshint/node_modules/cli/node_modules/___glob.npm/package/README.md
silly asyncMap in gTP /Users/dansilivestru/local/lib/node_modules/jshint/node_modules/cli/node_modules/___glob.npm/package/examples
silly asyncMap in gTP /Users/dansilivestru/local/lib/node_modules/jshint/node_modules/cli/node_modules/___glob.npm/package/examples/g.js
silly asyncMap in gTP /Users/dansilivestru/local/lib/node_modules/jshint/node_modules/cli/node_modules/___glob.npm/package/examples/usr-local.js
silly asyncMap in gTP /Users/dansilivestru/local/lib/node_modules/jshint/node_modules/cli/node_modules/___glob.npm/package/test
silly asyncMap in gTP /Users/dansilivestru/local/lib/node_modules/jshint/node_modules/cli/node_modules/___glob.npm/package/test/00-setup.js
silly asyncMap in gTP /Users/dansilivestru/local/lib/node_modules/jshint/node_modules/cli/node_modules/___glob.npm/package/test/bash-comparison.js
silly asyncMap in gTP /Users/dansilivestru/local/lib/node_modules/jshint/node_modules/cli/node_modules/___glob.npm/package/test/cwd-test.js
silly asyncMap in gTP /Users/dansilivestru/local/lib/node_modules/jshint/node_modules/cli/node_modules/___glob.npm/package/test/pause-resume.js
silly asyncMap in gTP /Users/dansilivestru/local/lib/node_modules/jshint/node_modules/cli/node_modules/___glob.npm/package/test/root-nomount.js
silly asyncMap in gTP /Users/dansilivestru/local/lib/node_modules/jshint/node_modules/cli/node_modules/___glob.npm/package/test/root.js
silly asyncMap in gTP /Users/dansilivestru/local/lib/node_modules/jshint/node_modules/cli/node_modules/___glob.npm/package/test/zz-cleanup.js
verbose gunzed /Users/dansilivestru/local/lib/node_modules/jshint/node_modules/cli/node_modules/___glob.npm/package
verbose rm'ed /Users/dansilivestru/local/lib/node_modules/jshint/node_modules/cli/node_modules/glob
verbose renamed [ '/Users/dansilivestru/local/lib/node_modules/jshint/node_modules/cli/node_modules/___glob.npm/package',
verbose renamed   '/Users/dansilivestru/local/lib/node_modules/jshint/node_modules/cli/node_modules/glob' ]
verbose caching /Users/dansilivestru/local/lib/node_modules/jshint/node_modules/cli/node_modules/glob/package.json
verbose loadDefaults glob@3.1.10
info preinstall glob@3.1.10
verbose from cache /Users/dansilivestru/local/lib/node_modules/jshint/node_modules/cli/node_modules/glob/package.json
verbose into /Users/dansilivestru/local/lib/node_modules/jshint/node_modules/cli/node_modules/glob [ 'minimatch@0.2', 'graceful-fs@~1.1.2', 'inherits@1' ]
verbose cache add minimatch@0.2
verbose cache add [ 'minimatch@0.2', null ]
silly cache add: name, spec, args [ undefined, 'minimatch@0.2', [ 'minimatch@0.2', null ] ]
verbose parsed url { pathname: 'minimatch@0.2',
verbose parsed url   path: 'minimatch@0.2',
verbose parsed url   href: 'minimatch@0.2' }
silly cache add: name, spec, args [ 'minimatch', '0.2', [ 'minimatch', '0.2' ] ]
verbose parsed url { pathname: '0.2', path: '0.2', href: '0.2' }
verbose addNamed [ 'minimatch', '0.2' ]
verbose addNamed [ null, '>=0.2.0- <0.3.0-' ]
silly name, range, hasData [ 'minimatch', '>=0.2.0- <0.3.0-', false ]
verbose cache add graceful-fs@~1.1.2
verbose cache add [ 'graceful-fs@~1.1.2', null ]
silly cache add: name, spec, args [ undefined,
silly cache add: name, spec, args   'graceful-fs@~1.1.2',
silly cache add: name, spec, args   [ 'graceful-fs@~1.1.2', null ] ]
verbose parsed url { pathname: 'graceful-fs@~1.1.2',
verbose parsed url   path: 'graceful-fs@~1.1.2',
verbose parsed url   href: 'graceful-fs@~1.1.2' }
silly cache add: name, spec, args [ 'graceful-fs', '~1.1.2', [ 'graceful-fs', '~1.1.2' ] ]
verbose parsed url { pathname: '~1.1.2', path: '~1.1.2', href: '~1.1.2' }
verbose addNamed [ 'graceful-fs', '~1.1.2' ]
verbose addNamed [ null, '>=1.1.2- <1.2.0-' ]
silly name, range, hasData [ 'graceful-fs', '>=1.1.2- <1.2.0-', false ]
verbose raw, before any munging minimatch
verbose url resolving [ 'https://registry.npmjs.org/', './minimatch' ]
verbose url resolved https://registry.npmjs.org/minimatch
verbose etag "E07BS9PFBIQ8SSR2GNLDMRJDC"
http GET https://registry.npmjs.org/minimatch
verbose cache add inherits@1
verbose cache add [ 'inherits@1', null ]
silly cache add: name, spec, args [ undefined, 'inherits@1', [ 'inherits@1', null ] ]
verbose parsed url { pathname: 'inherits@1',
verbose parsed url   path: 'inherits@1',
verbose parsed url   href: 'inherits@1' }
silly cache add: name, spec, args [ 'inherits', '1', [ 'inherits', '1' ] ]
verbose parsed url { pathname: '1', path: '1', href: '1' }
verbose addNamed [ 'inherits', '1' ]
verbose addNamed [ null, '>=1.0.0- <2.0.0-' ]
silly name, range, hasData [ 'inherits', '>=1.0.0- <2.0.0-', false ]
verbose raw, before any munging inherits
verbose url resolving [ 'https://registry.npmjs.org/', './inherits' ]
verbose url resolved https://registry.npmjs.org/inherits
verbose etag "8A1MU4N91XCK5C1UDRY2SSSZB"
http GET https://registry.npmjs.org/inherits
verbose raw, before any munging graceful-fs
verbose url resolving [ 'https://registry.npmjs.org/', './graceful-fs' ]
verbose url resolved https://registry.npmjs.org/graceful-fs
verbose etag "CNKWNDZZFT3HLJ7K08YQN9DDI"
http GET https://registry.npmjs.org/graceful-fs
http 304 https://registry.npmjs.org/minimatch
silly get cb [ 304,
silly get cb   { server: 'CouchDB/1.2.0 (Erlang OTP/R15B)',
silly get cb     etag: '"E07BS9PFBIQ8SSR2GNLDMRJDC"',
silly get cb     date: 'Sun, 01 Jul 2012 01:02:38 GMT',
silly get cb     'content-length': '0' } ]
verbose etag minimatch from cache
http 304 https://registry.npmjs.org/graceful-fs
silly get cb [ 304,
silly get cb   { server: 'CouchDB/1.2.0 (Erlang OTP/R15B)',
silly get cb     etag: '"CNKWNDZZFT3HLJ7K08YQN9DDI"',
silly get cb     date: 'Sun, 01 Jul 2012 01:02:38 GMT',
silly get cb     'content-length': '0' } ]
verbose etag graceful-fs from cache
silly name, range, hasData 2 [ 'minimatch', '>=0.2.0- <0.3.0-', true ]
silly versions [ 'minimatch',
silly versions   [ '0.0.1',
silly versions     '0.0.2',
silly versions     '0.0.4',
silly versions     '0.0.5',
silly versions     '0.1.1',
silly versions     '0.1.2',
silly versions     '0.1.3',
silly versions     '0.1.4',
silly versions     '0.1.5',
silly versions     '0.2.0',
silly versions     '0.2.2',
silly versions     '0.2.3',
silly versions     '0.2.4',
silly versions     '0.2.5' ] ]
verbose bin dist [ '0.6-ares1.7.5-DEV-evundefined-openssl0.9.8r-v83.6.6.14-darwin-x64-11.4.0',
verbose bin dist   { shasum: 'a85048c04cc707538cdcb6fb798c421c3cbc7026',
verbose bin dist     tarball: 'http://registry.npmjs.org/minimatch/-/minimatch-0.2.5.tgz' } ]
silly name, range, hasData 2 [ 'graceful-fs', '>=1.1.2- <1.2.0-', true ]
silly versions [ 'graceful-fs',
silly versions   [ '1.0.2',
silly versions     '1.1.0',
silly versions     '1.1.1',
silly versions     '1.1.2',
silly versions     '1.1.3',
silly versions     '1.1.4',
silly versions     '1.1.5',
silly versions     '1.1.6',
silly versions     '1.1.7',
silly versions     '1.1.8' ] ]
verbose bin dist [ '0.6-ares1.7.5-DEV-evundefined-openssl0.9.8r-v83.6.6.14-darwin-x64-11.4.0',
verbose bin dist   { shasum: '7c9b7cd96f16b83230f61d522156306500914888',
verbose bin dist     tarball: 'http://registry.npmjs.org/graceful-fs/-/graceful-fs-1.1.8.tgz' } ]
verbose caching /Users/dansilivestru/.npm/minimatch/0.2.5/package/package.json
verbose loadDefaults minimatch@0.2.5
verbose caching /Users/dansilivestru/.npm/graceful-fs/1.1.8/package/package.json
verbose loadDefaults graceful-fs@1.1.8
http 304 https://registry.npmjs.org/inherits
silly get cb [ 304,
silly get cb   { server: 'CouchDB/1.2.0 (Erlang OTP/R15B)',
silly get cb     etag: '"8A1MU4N91XCK5C1UDRY2SSSZB"',
silly get cb     date: 'Sun, 01 Jul 2012 01:02:38 GMT',
silly get cb     'content-length': '0' } ]
verbose etag inherits from cache
silly name, range, hasData 2 [ 'inherits', '>=1.0.0- <2.0.0-', true ]
silly versions [ 'inherits', [ '1.0.0' ] ]
verbose bin dist [ '0.6-ares1.7.5-DEV-evundefined-openssl0.9.8r-v83.6.6.14-darwin-x64-11.4.0',
verbose bin dist   { shasum: '38e1975285bf1f7ba9c84da102bb12771322ac48',
verbose bin dist     tarball: 'http://registry.npmjs.org/inherits/-/inherits-1.0.0.tgz' } ]
verbose caching /Users/dansilivestru/.npm/inherits/1.0.0/package/package.json
verbose loadDefaults inherits@1.0.0
silly resolved [ { author: 
silly resolved      { name: 'Isaac Z. Schlueter',
silly resolved        email: 'i@izs.me',
silly resolved        url: 'http://blog.izs.me' },
silly resolved     name: 'minimatch',
silly resolved     description: 'a glob matcher in javascript',
silly resolved     version: '0.2.5',
silly resolved     repository: { type: 'git', url: 'git://github.com/isaacs/minimatch.git' },
silly resolved     main: 'minimatch.js',
silly resolved     scripts: { test: 'tap test' },
silly resolved     engines: { node: '*' },
silly resolved     dependencies: { 'lru-cache': '~1' },
silly resolved     devDependencies: { tap: '' },
silly resolved     licenses: 
silly resolved      [ { type: 'MIT',
silly resolved          url: 'http://github.com/isaacs/minimatch/raw/master/LICENSE' } ],
silly resolved     _id: 'minimatch@0.2.5',
silly resolved     _engineSupported: true,
silly resolved     _npmVersion: '1.1.0-beta-4',
silly resolved     _nodeVersion: 'v0.6.6',
silly resolved     _defaultsLoaded: true },
silly resolved   { author: 
silly resolved      { name: 'Isaac Z. Schlueter',
silly resolved        email: 'i@izs.me',
silly resolved        url: 'http://blog.izs.me' },
silly resolved     name: 'graceful-fs',
silly resolved     description: 'fs monkey-patching to avoid EMFILE and other problems',
silly resolved     version: '1.1.8',
silly resolved     repository: 
silly resolved      { type: 'git',
silly resolved        url: 'git://github.com/isaacs/node-graceful-fs.git' },
silly resolved     main: 'graceful-fs.js',
silly resolved     engines: { node: '>=0.4.0' },
silly resolved     devDependencies: {},
silly resolved     _id: 'graceful-fs@1.1.8',
silly resolved     dependencies: {},
silly resolved     _engineSupported: true,
silly resolved     _npmVersion: '1.1.0-beta-4',
silly resolved     _nodeVersion: 'v0.6.6',
silly resolved     _defaultsLoaded: true,
silly resolved     scripts: {} },
silly resolved   { name: 'inherits',
silly resolved     description: 'A tiny simple way to do classic inheritance in js',
silly resolved     version: '1.0.0',
silly resolved     keywords: [ 'inheritance', 'class', 'klass', 'oop', 'object-oriented' ],
silly resolved     main: './inherits.js',
silly resolved     repository: { type: 'git', url: 'git://github.com/isaacs/inherits.git' },
silly resolved     author: 
silly resolved      { name: 'Isaac Z. Schlueter',
silly resolved        email: 'i@izs.me',
silly resolved        url: 'http://blog.izs.me/' },
silly resolved     _id: 'inherits@1.0.0',
silly resolved     dependencies: {},
silly resolved     devDependencies: {},
silly resolved     engines: { node: '*' },
silly resolved     _engineSupported: true,
silly resolved     _npmVersion: '1.1.0-beta-4',
silly resolved     _nodeVersion: 'v0.6.6',
silly resolved     _defaultsLoaded: true,
silly resolved     scripts: {} } ]
info into /Users/dansilivestru/local/lib/node_modules/jshint/node_modules/cli/node_modules/glob minimatch@0.2.5
info into /Users/dansilivestru/local/lib/node_modules/jshint/node_modules/cli/node_modules/glob graceful-fs@1.1.8
info into /Users/dansilivestru/local/lib/node_modules/jshint/node_modules/cli/node_modules/glob inherits@1.0.0
info installOne minimatch@0.2.5
info installOne graceful-fs@1.1.8
info installOne inherits@1.0.0
info unbuild /Users/dansilivestru/local/lib/node_modules/jshint/node_modules/cli/node_modules/glob/node_modules/minimatch
info unbuild /Users/dansilivestru/local/lib/node_modules/jshint/node_modules/cli/node_modules/glob/node_modules/graceful-fs
info unbuild /Users/dansilivestru/local/lib/node_modules/jshint/node_modules/cli/node_modules/glob/node_modules/inherits
verbose from cache /Users/dansilivestru/.npm/minimatch/0.2.5/package/package.json
verbose from cache /Users/dansilivestru/.npm/graceful-fs/1.1.8/package/package.json
verbose from cache /Users/dansilivestru/.npm/inherits/1.0.0/package/package.json
verbose mkdir (expected) error ENOENT, no such file or directory '/Users/dansilivestru/local/lib/node_modules/jshint/node_modules/cli/node_modules/glob/node_modules'
verbose mkdir (expected) error ENOENT, no such file or directory '/Users/dansilivestru/local/lib/node_modules/jshint/node_modules/cli/node_modules/glob/node_modules'
verbose mkdir (expected) error ENOENT, no such file or directory '/Users/dansilivestru/local/lib/node_modules/jshint/node_modules/cli/node_modules/glob/node_modules'
verbose mkdir (expected) error ENOENT, no such file or directory '/Users/dansilivestru/local/lib/node_modules/jshint/node_modules/cli/node_modules/glob/node_modules/___minimatch.npm'
verbose mkdir done: /Users/dansilivestru/local/lib/node_modules/jshint/node_modules/cli/node_modules/glob/node_modules/___minimatch.npm 755
verbose mkdir (expected) error ENOENT, no such file or directory '/Users/dansilivestru/local/lib/node_modules/jshint/node_modules/cli/node_modules/glob/node_modules/___graceful-fs.npm'
verbose mkdir (expected) error ENOENT, no such file or directory '/Users/dansilivestru/local/lib/node_modules/jshint/node_modules/cli/node_modules/glob/node_modules/___inherits.npm'
verbose unpack_ uid, gid [ undefined, undefined ]
verbose unpackTarget /Users/dansilivestru/local/lib/node_modules/jshint/node_modules/cli/node_modules/glob/node_modules/minimatch
silly gunzTarPerm modes [ '755', '644' ]
verbose mkdir done: /Users/dansilivestru/local/lib/node_modules/jshint/node_modules/cli/node_modules/glob/node_modules/___graceful-fs.npm 755
verbose mkdir done: /Users/dansilivestru/local/lib/node_modules/jshint/node_modules/cli/node_modules/glob/node_modules/___inherits.npm 755
verbose unpack_ uid, gid [ undefined, undefined ]
verbose unpackTarget /Users/dansilivestru/local/lib/node_modules/jshint/node_modules/cli/node_modules/glob/node_modules/graceful-fs
silly gunzTarPerm modes [ '755', '644' ]
verbose unpack_ uid, gid [ undefined, undefined ]
verbose unpackTarget /Users/dansilivestru/local/lib/node_modules/jshint/node_modules/cli/node_modules/glob/node_modules/inherits
silly gunzTarPerm modes [ '755', '644' ]
silly afterUntar undefined
silly asyncMap in gTP /Users/dansilivestru/local/lib/node_modules/jshint/node_modules/cli/node_modules/glob/node_modules/___inherits.npm/package
silly asyncMap in gTP /Users/dansilivestru/local/lib/node_modules/jshint/node_modules/cli/node_modules/glob/node_modules/___inherits.npm/package/inherits.js
silly asyncMap in gTP /Users/dansilivestru/local/lib/node_modules/jshint/node_modules/cli/node_modules/glob/node_modules/___inherits.npm/package/package.json
silly asyncMap in gTP /Users/dansilivestru/local/lib/node_modules/jshint/node_modules/cli/node_modules/glob/node_modules/___inherits.npm/package/README.md
verbose gunzed /Users/dansilivestru/local/lib/node_modules/jshint/node_modules/cli/node_modules/glob/node_modules/___inherits.npm/package
verbose rm'ed /Users/dansilivestru/local/lib/node_modules/jshint/node_modules/cli/node_modules/glob/node_modules/inherits
verbose renamed [ '/Users/dansilivestru/local/lib/node_modules/jshint/node_modules/cli/node_modules/glob/node_modules/___inherits.npm/package',
verbose renamed   '/Users/dansilivestru/local/lib/node_modules/jshint/node_modules/cli/node_modules/glob/node_modules/inherits' ]
verbose caching /Users/dansilivestru/local/lib/node_modules/jshint/node_modules/cli/node_modules/glob/node_modules/inherits/package.json
verbose loadDefaults inherits@1.0.0
info preinstall inherits@1.0.0
verbose from cache /Users/dansilivestru/local/lib/node_modules/jshint/node_modules/cli/node_modules/glob/node_modules/inherits/package.json
verbose into /Users/dansilivestru/local/lib/node_modules/jshint/node_modules/cli/node_modules/glob/node_modules/inherits []
silly resolved []
verbose about to build /Users/dansilivestru/local/lib/node_modules/jshint/node_modules/cli/node_modules/glob/node_modules/inherits
info build /Users/dansilivestru/local/lib/node_modules/jshint/node_modules/cli/node_modules/glob/node_modules/inherits
verbose from cache /Users/dansilivestru/local/lib/node_modules/jshint/node_modules/cli/node_modules/glob/node_modules/inherits/package.json
verbose linkStuff [ true,
verbose linkStuff   '/Users/dansilivestru/local/lib/node_modules',
verbose linkStuff   false,
verbose linkStuff   '/Users/dansilivestru/local/lib/node_modules/jshint/node_modules/cli/node_modules/glob/node_modules' ]
info linkStuff inherits@1.0.0
verbose linkBins inherits@1.0.0
verbose linkMans inherits@1.0.0
verbose rebuildBundles inherits@1.0.0
info install inherits@1.0.0
info postinstall inherits@1.0.0
verbose installOne cb inherits@1.0.0
silly afterUntar undefined
silly asyncMap in gTP /Users/dansilivestru/local/lib/node_modules/jshint/node_modules/cli/node_modules/glob/node_modules/___graceful-fs.npm/package
silly asyncMap in gTP /Users/dansilivestru/local/lib/node_modules/jshint/node_modules/cli/node_modules/glob/node_modules/___graceful-fs.npm/package/.npmignore
silly asyncMap in gTP /Users/dansilivestru/local/lib/node_modules/jshint/node_modules/cli/node_modules/glob/node_modules/___graceful-fs.npm/package/graceful-fs.js
silly asyncMap in gTP /Users/dansilivestru/local/lib/node_modules/jshint/node_modules/cli/node_modules/glob/node_modules/___graceful-fs.npm/package/LICENSE
silly asyncMap in gTP /Users/dansilivestru/local/lib/node_modules/jshint/node_modules/cli/node_modules/glob/node_modules/___graceful-fs.npm/package/package.json
silly asyncMap in gTP /Users/dansilivestru/local/lib/node_modules/jshint/node_modules/cli/node_modules/glob/node_modules/___graceful-fs.npm/package/README.md
verbose gunzed /Users/dansilivestru/local/lib/node_modules/jshint/node_modules/cli/node_modules/glob/node_modules/___graceful-fs.npm/package
verbose rm'ed /Users/dansilivestru/local/lib/node_modules/jshint/node_modules/cli/node_modules/glob/node_modules/graceful-fs
verbose renamed [ '/Users/dansilivestru/local/lib/node_modules/jshint/node_modules/cli/node_modules/glob/node_modules/___graceful-fs.npm/package',
verbose renamed   '/Users/dansilivestru/local/lib/node_modules/jshint/node_modules/cli/node_modules/glob/node_modules/graceful-fs' ]
verbose caching /Users/dansilivestru/local/lib/node_modules/jshint/node_modules/cli/node_modules/glob/node_modules/graceful-fs/package.json
verbose loadDefaults graceful-fs@1.1.8
info preinstall graceful-fs@1.1.8
verbose from cache /Users/dansilivestru/local/lib/node_modules/jshint/node_modules/cli/node_modules/glob/node_modules/graceful-fs/package.json
verbose into /Users/dansilivestru/local/lib/node_modules/jshint/node_modules/cli/node_modules/glob/node_modules/graceful-fs []
silly resolved []
verbose about to build /Users/dansilivestru/local/lib/node_modules/jshint/node_modules/cli/node_modules/glob/node_modules/graceful-fs
info build /Users/dansilivestru/local/lib/node_modules/jshint/node_modules/cli/node_modules/glob/node_modules/graceful-fs
verbose from cache /Users/dansilivestru/local/lib/node_modules/jshint/node_modules/cli/node_modules/glob/node_modules/graceful-fs/package.json
verbose linkStuff [ true,
verbose linkStuff   '/Users/dansilivestru/local/lib/node_modules',
verbose linkStuff   false,
verbose linkStuff   '/Users/dansilivestru/local/lib/node_modules/jshint/node_modules/cli/node_modules/glob/node_modules' ]
info linkStuff graceful-fs@1.1.8
verbose linkBins graceful-fs@1.1.8
verbose linkMans graceful-fs@1.1.8
verbose rebuildBundles graceful-fs@1.1.8
info install graceful-fs@1.1.8
info postinstall graceful-fs@1.1.8
verbose installOne cb graceful-fs@1.1.8
silly afterUntar undefined
silly asyncMap in gTP /Users/dansilivestru/local/lib/node_modules/jshint/node_modules/cli/node_modules/glob/node_modules/___minimatch.npm/package
silly asyncMap in gTP /Users/dansilivestru/local/lib/node_modules/jshint/node_modules/cli/node_modules/glob/node_modules/___minimatch.npm/package/.travis.yml
silly asyncMap in gTP /Users/dansilivestru/local/lib/node_modules/jshint/node_modules/cli/node_modules/glob/node_modules/___minimatch.npm/package/LICENSE
silly asyncMap in gTP /Users/dansilivestru/local/lib/node_modules/jshint/node_modules/cli/node_modules/glob/node_modules/___minimatch.npm/package/minimatch.js
silly asyncMap in gTP /Users/dansilivestru/local/lib/node_modules/jshint/node_modules/cli/node_modules/glob/node_modules/___minimatch.npm/package/package.json
silly asyncMap in gTP /Users/dansilivestru/local/lib/node_modules/jshint/node_modules/cli/node_modules/glob/node_modules/___minimatch.npm/package/README.md
silly asyncMap in gTP /Users/dansilivestru/local/lib/node_modules/jshint/node_modules/cli/node_modules/glob/node_modules/___minimatch.npm/package/test
silly asyncMap in gTP /Users/dansilivestru/local/lib/node_modules/jshint/node_modules/cli/node_modules/glob/node_modules/___minimatch.npm/package/test/basic.js
silly asyncMap in gTP /Users/dansilivestru/local/lib/node_modules/jshint/node_modules/cli/node_modules/glob/node_modules/___minimatch.npm/package/test/brace-expand.js
silly asyncMap in gTP /Users/dansilivestru/local/lib/node_modules/jshint/node_modules/cli/node_modules/glob/node_modules/___minimatch.npm/package/test/caching.js
silly asyncMap in gTP /Users/dansilivestru/local/lib/node_modules/jshint/node_modules/cli/node_modules/glob/node_modules/___minimatch.npm/package/test/defaults.js
verbose gunzed /Users/dansilivestru/local/lib/node_modules/jshint/node_modules/cli/node_modules/glob/node_modules/___minimatch.npm/package
verbose rm'ed /Users/dansilivestru/local/lib/node_modules/jshint/node_modules/cli/node_modules/glob/node_modules/minimatch
verbose renamed [ '/Users/dansilivestru/local/lib/node_modules/jshint/node_modules/cli/node_modules/glob/node_modules/___minimatch.npm/package',
verbose renamed   '/Users/dansilivestru/local/lib/node_modules/jshint/node_modules/cli/node_modules/glob/node_modules/minimatch' ]
verbose caching /Users/dansilivestru/local/lib/node_modules/jshint/node_modules/cli/node_modules/glob/node_modules/minimatch/package.json
verbose loadDefaults minimatch@0.2.5
info preinstall minimatch@0.2.5
verbose from cache /Users/dansilivestru/local/lib/node_modules/jshint/node_modules/cli/node_modules/glob/node_modules/minimatch/package.json
verbose into /Users/dansilivestru/local/lib/node_modules/jshint/node_modules/cli/node_modules/glob/node_modules/minimatch [ 'lru-cache@~1' ]
verbose cache add lru-cache@~1
verbose cache add [ 'lru-cache@~1', null ]
silly cache add: name, spec, args [ undefined, 'lru-cache@~1', [ 'lru-cache@~1', null ] ]
verbose parsed url { pathname: 'lru-cache@~1',
verbose parsed url   path: 'lru-cache@~1',
verbose parsed url   href: 'lru-cache@~1' }
silly cache add: name, spec, args [ 'lru-cache', '~1', [ 'lru-cache', '~1' ] ]
verbose parsed url { pathname: '~1', path: '~1', href: '~1' }
verbose addNamed [ 'lru-cache', '~1' ]
verbose addNamed [ null, '>=1.0.0- <2.0.0-' ]
silly name, range, hasData [ 'lru-cache', '>=1.0.0- <2.0.0-', false ]
verbose raw, before any munging lru-cache
verbose url resolving [ 'https://registry.npmjs.org/', './lru-cache' ]
verbose url resolved https://registry.npmjs.org/lru-cache
verbose etag "9WZ3J08KZZBM0KWK4PQ37FPO0"
http GET https://registry.npmjs.org/lru-cache
http 304 https://registry.npmjs.org/lru-cache
silly get cb [ 304,
silly get cb   { server: 'CouchDB/1.2.0 (Erlang OTP/R15B)',
silly get cb     etag: '"9WZ3J08KZZBM0KWK4PQ37FPO0"',
silly get cb     date: 'Sun, 01 Jul 2012 01:02:38 GMT',
silly get cb     'content-length': '0' } ]
verbose etag lru-cache from cache
silly name, range, hasData 2 [ 'lru-cache', '>=1.0.0- <2.0.0-', true ]
silly versions [ 'lru-cache',
silly versions   [ '1.0.1', '1.0.2', '1.0.3', '1.0.4', '1.0.5', '1.0.6', '1.1.0' ] ]
verbose bin dist [ '0.6-ares1.7.5-DEV-evundefined-openssl0.9.8r-v83.6.6.14-darwin-x64-11.4.0',
verbose bin dist   { shasum: '8d4a68dc0ab1cd5a2f39352478c495e9dd33cb61',
verbose bin dist     tarball: 'http://registry.npmjs.org/lru-cache/-/lru-cache-1.1.0.tgz' } ]
verbose caching /Users/dansilivestru/.npm/lru-cache/1.1.0/package/package.json
verbose loadDefaults lru-cache@1.1.0
silly resolved [ { name: 'lru-cache',
silly resolved     description: 'A cache object that deletes the least-recently-used items.',
silly resolved     version: '1.1.0',
silly resolved     author: { name: 'Isaac Z. Schlueter', email: 'i@izs.me' },
silly resolved     scripts: { test: 'tap test' },
silly resolved     main: 'lib/lru-cache.js',
silly resolved     repository: 
silly resolved      { type: 'git',
silly resolved        url: 'git://github.com/isaacs/node-lru-cache.git' },
silly resolved     devDependencies: { tap: '' },
silly resolved     license: 
silly resolved      { type: 'MIT',
silly resolved        url: 'http://github.com/isaacs/node-lru-cache/raw/master/LICENSE' },
silly resolved     _id: 'lru-cache@1.1.0',
silly resolved     contributors: 
silly resolved      [ { name: 'Isaac Z. Schlueter', email: 'i@izs.me' },
silly resolved        { name: 'Carlos Brito Lage', email: 'carlos@carloslage.net' },
silly resolved        { name: 'Marko Mikulicic',
silly resolved          email: 'marko.mikulicic@isti.cnr.it' },
silly resolved        { name: 'Trent Mick', email: 'trentm@gmail.com' } ],
silly resolved     dependencies: {},
silly resolved     engines: { node: '*' },
silly resolved     _engineSupported: true,
silly resolved     _npmVersion: '1.1.0-beta-4',
silly resolved     _nodeVersion: 'v0.6.6',
silly resolved     _defaultsLoaded: true } ]
info into /Users/dansilivestru/local/lib/node_modules/jshint/node_modules/cli/node_modules/glob/node_modules/minimatch lru-cache@1.1.0
info installOne lru-cache@1.1.0
info unbuild /Users/dansilivestru/local/lib/node_modules/jshint/node_modules/cli/node_modules/glob/node_modules/minimatch/node_modules/lru-cache
verbose from cache /Users/dansilivestru/.npm/lru-cache/1.1.0/package/package.json
verbose mkdir (expected) error ENOENT, no such file or directory '/Users/dansilivestru/local/lib/node_modules/jshint/node_modules/cli/node_modules/glob/node_modules/minimatch/node_modules'
verbose mkdir (expected) error ENOENT, no such file or directory '/Users/dansilivestru/local/lib/node_modules/jshint/node_modules/cli/node_modules/glob/node_modules/minimatch/node_modules/___lru-cache.npm'
verbose mkdir done: /Users/dansilivestru/local/lib/node_modules/jshint/node_modules/cli/node_modules/glob/node_modules/minimatch/node_modules/___lru-cache.npm 755
verbose unpack_ uid, gid [ undefined, undefined ]
verbose unpackTarget /Users/dansilivestru/local/lib/node_modules/jshint/node_modules/cli/node_modules/glob/node_modules/minimatch/node_modules/lru-cache
silly gunzTarPerm modes [ '755', '644' ]
silly afterUntar undefined
silly asyncMap in gTP /Users/dansilivestru/local/lib/node_modules/jshint/node_modules/cli/node_modules/glob/node_modules/minimatch/node_modules/___lru-cache.npm/package
silly asyncMap in gTP /Users/dansilivestru/local/lib/node_modules/jshint/node_modules/cli/node_modules/glob/node_modules/minimatch/node_modules/___lru-cache.npm/package/.npmignore
silly asyncMap in gTP /Users/dansilivestru/local/lib/node_modules/jshint/node_modules/cli/node_modules/glob/node_modules/minimatch/node_modules/___lru-cache.npm/package/AUTHORS
silly asyncMap in gTP /Users/dansilivestru/local/lib/node_modules/jshint/node_modules/cli/node_modules/glob/node_modules/minimatch/node_modules/___lru-cache.npm/package/LICENSE
silly asyncMap in gTP /Users/dansilivestru/local/lib/node_modules/jshint/node_modules/cli/node_modules/glob/node_modules/minimatch/node_modules/___lru-cache.npm/package/package.json
silly asyncMap in gTP /Users/dansilivestru/local/lib/node_modules/jshint/node_modules/cli/node_modules/glob/node_modules/minimatch/node_modules/___lru-cache.npm/package/README.md
silly asyncMap in gTP /Users/dansilivestru/local/lib/node_modules/jshint/node_modules/cli/node_modules/glob/node_modules/minimatch/node_modules/___lru-cache.npm/package/lib
silly asyncMap in gTP /Users/dansilivestru/local/lib/node_modules/jshint/node_modules/cli/node_modules/glob/node_modules/minimatch/node_modules/___lru-cache.npm/package/lib/lru-cache.js
silly asyncMap in gTP /Users/dansilivestru/local/lib/node_modules/jshint/node_modules/cli/node_modules/glob/node_modules/minimatch/node_modules/___lru-cache.npm/package/test
silly asyncMap in gTP /Users/dansilivestru/local/lib/node_modules/jshint/node_modules/cli/node_modules/glob/node_modules/minimatch/node_modules/___lru-cache.npm/package/test/basic.js
verbose gunzed /Users/dansilivestru/local/lib/node_modules/jshint/node_modules/cli/node_modules/glob/node_modules/minimatch/node_modules/___lru-cache.npm/package
verbose rm'ed /Users/dansilivestru/local/lib/node_modules/jshint/node_modules/cli/node_modules/glob/node_modules/minimatch/node_modules/lru-cache
verbose renamed [ '/Users/dansilivestru/local/lib/node_modules/jshint/node_modules/cli/node_modules/glob/node_modules/minimatch/node_modules/___lru-cache.npm/package',
verbose renamed   '/Users/dansilivestru/local/lib/node_modules/jshint/node_modules/cli/node_modules/glob/node_modules/minimatch/node_modules/lru-cache' ]
verbose caching /Users/dansilivestru/local/lib/node_modules/jshint/node_modules/cli/node_modules/glob/node_modules/minimatch/node_modules/lru-cache/package.json
verbose loadDefaults lru-cache@1.1.0
info preinstall lru-cache@1.1.0
verbose from cache /Users/dansilivestru/local/lib/node_modules/jshint/node_modules/cli/node_modules/glob/node_modules/minimatch/node_modules/lru-cache/package.json
verbose into /Users/dansilivestru/local/lib/node_modules/jshint/node_modules/cli/node_modules/glob/node_modules/minimatch/node_modules/lru-cache []
silly resolved []
verbose about to build /Users/dansilivestru/local/lib/node_modules/jshint/node_modules/cli/node_modules/glob/node_modules/minimatch/node_modules/lru-cache
info build /Users/dansilivestru/local/lib/node_modules/jshint/node_modules/cli/node_modules/glob/node_modules/minimatch/node_modules/lru-cache
verbose from cache /Users/dansilivestru/local/lib/node_modules/jshint/node_modules/cli/node_modules/glob/node_modules/minimatch/node_modules/lru-cache/package.json
verbose linkStuff [ true,
verbose linkStuff   '/Users/dansilivestru/local/lib/node_modules',
verbose linkStuff   false,
verbose linkStuff   '/Users/dansilivestru/local/lib/node_modules/jshint/node_modules/cli/node_modules/glob/node_modules/minimatch/node_modules' ]
info linkStuff lru-cache@1.1.0
verbose linkBins lru-cache@1.1.0
verbose linkMans lru-cache@1.1.0
verbose rebuildBundles lru-cache@1.1.0
info install lru-cache@1.1.0
info postinstall lru-cache@1.1.0
verbose installOne cb lru-cache@1.1.0
verbose about to build /Users/dansilivestru/local/lib/node_modules/jshint/node_modules/cli/node_modules/glob/node_modules/minimatch
info build /Users/dansilivestru/local/lib/node_modules/jshint/node_modules/cli/node_modules/glob/node_modules/minimatch
verbose from cache /Users/dansilivestru/local/lib/node_modules/jshint/node_modules/cli/node_modules/glob/node_modules/minimatch/package.json
verbose linkStuff [ true,
verbose linkStuff   '/Users/dansilivestru/local/lib/node_modules',
verbose linkStuff   false,
verbose linkStuff   '/Users/dansilivestru/local/lib/node_modules/jshint/node_modules/cli/node_modules/glob/node_modules' ]
info linkStuff minimatch@0.2.5
verbose linkBins minimatch@0.2.5
verbose linkMans minimatch@0.2.5
verbose rebuildBundles minimatch@0.2.5
verbose rebuildBundles [ 'lru-cache' ]
info install minimatch@0.2.5
info postinstall minimatch@0.2.5
verbose installOne cb minimatch@0.2.5
verbose about to build /Users/dansilivestru/local/lib/node_modules/jshint/node_modules/cli/node_modules/glob
info build /Users/dansilivestru/local/lib/node_modules/jshint/node_modules/cli/node_modules/glob
verbose from cache /Users/dansilivestru/local/lib/node_modules/jshint/node_modules/cli/node_modules/glob/package.json
verbose linkStuff [ true,
verbose linkStuff   '/Users/dansilivestru/local/lib/node_modules',
verbose linkStuff   false,
verbose linkStuff   '/Users/dansilivestru/local/lib/node_modules/jshint/node_modules/cli/node_modules' ]
info linkStuff glob@3.1.10
verbose linkBins glob@3.1.10
verbose linkMans glob@3.1.10
verbose rebuildBundles glob@3.1.10
verbose rebuildBundles [ 'graceful-fs', 'inherits', 'minimatch' ]
info install glob@3.1.10
info postinstall glob@3.1.10
verbose installOne cb glob@3.1.10
verbose about to build /Users/dansilivestru/local/lib/node_modules/jshint/node_modules/cli
info build /Users/dansilivestru/local/lib/node_modules/jshint/node_modules/cli
verbose from cache /Users/dansilivestru/local/lib/node_modules/jshint/node_modules/cli/package.json
verbose linkStuff [ true,
verbose linkStuff   '/Users/dansilivestru/local/lib/node_modules',
verbose linkStuff   false,
verbose linkStuff   '/Users/dansilivestru/local/lib/node_modules/jshint/node_modules' ]
info linkStuff cli@0.4.3
verbose linkBins cli@0.4.3
verbose linkMans cli@0.4.3
verbose rebuildBundles cli@0.4.3
verbose rebuildBundles [ 'glob' ]
info install cli@0.4.3
info postinstall cli@0.4.3
verbose installOne cb cli@0.4.3
verbose about to build /Users/dansilivestru/local/lib/node_modules/jshint
info build /Users/dansilivestru/local/lib/node_modules/jshint
verbose from cache /Users/dansilivestru/local/lib/node_modules/jshint/package.json
verbose linkStuff [ true,
verbose linkStuff   '/Users/dansilivestru/local/lib/node_modules',
verbose linkStuff   true,
verbose linkStuff   '/Users/dansilivestru/local/lib/node_modules' ]
info linkStuff jshint@0.7.1
verbose linkBins jshint@0.7.1
verbose bins linking [ { jshint: './bin/hint' },
verbose bins linking   '/Users/dansilivestru/local/bin',
verbose bins linking   true ]
verbose linkMans jshint@0.7.1
verbose rebuildBundles jshint@0.7.1
verbose rebuildBundles [ 'cli', 'minimatch' ]
ERR! error installing jshint@0.7.1
info unbuild /Users/dansilivestru/local/lib/node_modules/jshint
verbose from cache /Users/dansilivestru/local/lib/node_modules/jshint/package.json
info preuninstall jshint@0.7.1
info uninstall jshint@0.7.1
verbose unbuild jshint@0.7.1 [ true,
verbose unbuild jshint@0.7.1   '/Users/dansilivestru/local/lib/node_modules',
verbose unbuild jshint@0.7.1   '/Users/dansilivestru/local/lib/node_modules' ]
verbose binRoot [ '/Users/dansilivestru/local/bin', { jshint: './bin/hint' } ]
info postuninstall jshint@0.7.1
verbose installOne cb jshint@0.7.1
ERR! Error: ENOENT, no such file or directory '/Users/dansilivestru/local/lib/node_modules/jshint/bin/hint'
ERR! Report this *entire* log at:
ERR!     <http://github.com/isaacs/npm/issues>
ERR! or email it to:
ERR!     <npm-@googlegroups.com>
ERR! 
ERR! System Darwin 11.4.0
ERR! command "node" "/Users/dansilivestru/local/bin/npm" "install" "-g" "jshint"
ERR! cwd /Users/dansilivestru/Projects/Ripple-UI
ERR! node -v v0.6.6
ERR! npm -v 1.1.0-beta-4
ERR! path /Users/dansilivestru/local/lib/node_modules/jshint/bin/hint
ERR! code ENOENT
ERR! message ENOENT, no such file or directory '/Users/dansilivestru/local/lib/node_modules/jshint/bin/hint'
verbose exit [ 1, true ]
